[0.008s] Invoking command in '/home/bluemaple/learn_projects/try_ul/build/ul_decision': CMAKE_PREFIX_PATH=/opt/ros/humble /usr/local/bin/cmake --build /home/bluemaple/learn_projects/try_ul/build/ul_decision -- -j24 -l24
[0.036s] [ 33%] [32mBuilding CXX object CMakeFiles/main.dir/src/main.cpp.o[0m
[0.037s] [ 66%] [32mBuilding CXX object CMakeFiles/main.dir/plugins/Condition/GameStart.cpp.o[0m
[4.917s] [100%] [1m[32mLinking CXX executable main[0m
[5.190s] [100%] Built target main
[5.197s] Invoked command in '/home/bluemaple/learn_projects/try_ul/build/ul_decision' returned '0': CMAKE_PREFIX_PATH=/opt/ros/humble /usr/local/bin/cmake --build /home/bluemaple/learn_projects/try_ul/build/ul_decision -- -j24 -l24
[5.199s] Invoking command in '/home/bluemaple/learn_projects/try_ul/build/ul_decision': CMAKE_PREFIX_PATH=/opt/ros/humble /usr/local/bin/cmake --install /home/bluemaple/learn_projects/try_ul/build/ul_decision
[5.202s] -- Install configuration: ""
[5.203s] -- Installing: /home/bluemaple/learn_projects/try_ul/install/ul_decision/lib/ul_decision/main
[5.204s] -- Set non-toolchain portion of runtime path of "/home/bluemaple/learn_projects/try_ul/install/ul_decision/lib/ul_decision/main" to ""
[5.204s] -- Installing: /home/bluemaple/learn_projects/try_ul/install/ul_decision/share/ul_decision/param
[5.204s] -- Installing: /home/bluemaple/learn_projects/try_ul/install/ul_decision/share/ul_decision/param/decision_tree.xml
[5.205s] -- Installing: /home/bluemaple/learn_projects/try_ul/install/ul_decision/share/ament_index/resource_index/package_run_dependencies/ul_decision
[5.205s] -- Installing: /home/bluemaple/learn_projects/try_ul/install/ul_decision/share/ament_index/resource_index/parent_prefix_path/ul_decision
[5.205s] -- Installing: /home/bluemaple/learn_projects/try_ul/install/ul_decision/share/ul_decision/environment/ament_prefix_path.sh
[5.205s] -- Installing: /home/bluemaple/learn_projects/try_ul/install/ul_decision/share/ul_decision/environment/ament_prefix_path.dsv
[5.205s] -- Installing: /home/bluemaple/learn_projects/try_ul/install/ul_decision/share/ul_decision/environment/path.sh
[5.205s] -- Installing: /home/bluemaple/learn_projects/try_ul/install/ul_decision/share/ul_decision/environment/path.dsv
[5.205s] -- Installing: /home/bluemaple/learn_projects/try_ul/install/ul_decision/share/ul_decision/local_setup.bash
[5.205s] -- Installing: /home/bluemaple/learn_projects/try_ul/install/ul_decision/share/ul_decision/local_setup.sh
[5.205s] -- Installing: /home/bluemaple/learn_projects/try_ul/install/ul_decision/share/ul_decision/local_setup.zsh
[5.205s] -- Installing: /home/bluemaple/learn_projects/try_ul/install/ul_decision/share/ul_decision/local_setup.dsv
[5.205s] -- Installing: /home/bluemaple/learn_projects/try_ul/install/ul_decision/share/ul_decision/package.dsv
[5.205s] -- Installing: /home/bluemaple/learn_projects/try_ul/install/ul_decision/share/ament_index/resource_index/packages/ul_decision
[5.205s] -- Installing: /home/bluemaple/learn_projects/try_ul/install/ul_decision/share/ul_decision/cmake/ul_decisionConfig.cmake
[5.205s] -- Installing: /home/bluemaple/learn_projects/try_ul/install/ul_decision/share/ul_decision/cmake/ul_decisionConfig-version.cmake
[5.205s] -- Installing: /home/bluemaple/learn_projects/try_ul/install/ul_decision/share/ul_decision/package.xml
[5.206s] Invoked command in '/home/bluemaple/learn_projects/try_ul/build/ul_decision' returned '0': CMAKE_PREFIX_PATH=/opt/ros/humble /usr/local/bin/cmake --install /home/bluemaple/learn_projects/try_ul/build/ul_decision
