[0.007s] Invoking command in '/home/bluemaple/learn_projects/try_rmul/build/ul_decision': CMAKE_PREFIX_PATH=/opt/ros/humble /usr/local/bin/cmake /home/bluemaple/learn_projects/try_rmul/src/ul_decision -DCMAKE_INSTALL_PREFIX=/home/bluemaple/learn_projects/try_rmul/install/ul_decision
[0.059s] -- The C compiler identification is GNU 11.4.0
[0.101s] -- The CXX compiler identification is GNU 11.4.0
[0.107s] -- Detecting C compiler ABI info
[0.151s] -- Detecting C compiler ABI info - done
[0.160s] -- Check for working C compiler: /usr/bin/cc - skipped
[0.161s] -- Detecting C compile features
[0.161s] -- Detecting C compile features - done
[0.173s] -- Detecting CXX compiler ABI info
[0.213s] -- Detecting CXX compiler ABI info - done
[0.226s] -- Check for working CXX compiler: /usr/bin/c++ - skipped
[0.226s] -- Detecting CXX compile features
[0.226s] -- Detecting CXX compile features - done
[0.232s] -- Found ament_cmake: 1.3.13 (/opt/ros/humble/share/ament_cmake/cmake)
[0.311s] -- Found Python3: /usr/bin/python3 (found version "3.10.12") found components: Interpreter
[0.376s] -- Found rclcpp: 16.0.18 (/opt/ros/humble/share/rclcpp/cmake)
[0.408s] -- Found rosidl_generator_c: 3.1.8 (/opt/ros/humble/share/rosidl_generator_c/cmake)
[0.413s] -- Found rosidl_adapter: 3.1.8 (/opt/ros/humble/share/rosidl_adapter/cmake)
[0.426s] -- Found rosidl_generator_cpp: 3.1.8 (/opt/ros/humble/share/rosidl_generator_cpp/cmake)
[0.438s] -- Using all available rosidl_typesupport_c: rosidl_typesupport_fastrtps_c;rosidl_typesupport_introspection_c
[0.455s] -- Using all available rosidl_typesupport_cpp: rosidl_typesupport_fastrtps_cpp;rosidl_typesupport_introspection_cpp
[0.501s] -- Found rmw_implementation_cmake: 6.1.2 (/opt/ros/humble/share/rmw_implementation_cmake/cmake)
[0.503s] -- Found rmw_cyclonedds_cpp: 1.3.4 (/opt/ros/humble/share/rmw_cyclonedds_cpp/cmake)
[0.526s] -- Using RMW implementation 'rmw_cyclonedds_cpp' as default
[0.537s] -- Performing Test CMAKE_HAVE_LIBC_PTHREAD
[0.587s] -- Performing Test CMAKE_HAVE_LIBC_PTHREAD - Success
[0.588s] -- Found Threads: TRUE
[0.638s] -- Found ament_lint_auto: 0.12.15 (/opt/ros/humble/share/ament_lint_auto/cmake)
[0.683s] -- Added test 'cppcheck' to perform static code analysis on C / C++ code
[0.683s] -- Configured cppcheck include dirs: /home/bluemaple/learn_projects/try_rmul/src/ul_decision/include
[0.683s] -- Configured cppcheck exclude dirs and/or files: 
[0.683s] -- Added test 'flake8' to check Python code syntax and style conventions
[0.684s] -- Added test 'lint_cmake' to check CMake code style
[0.684s] -- Added test 'pep257' to check Python code against some of the docstring style conventions in PEP 257
[0.685s] -- Added test 'uncrustify' to check C / C++ code style
[0.685s] -- Configured uncrustify additional arguments: 
[0.685s] -- Added test 'xmllint' to check XML markup files
[0.686s] -- Configuring done (0.7s)
[0.691s] -- Generating done (0.0s)
[0.702s] -- Build files have been written to: /home/bluemaple/learn_projects/try_rmul/build/ul_decision
[0.710s] Invoked command in '/home/bluemaple/learn_projects/try_rmul/build/ul_decision' returned '0': CMAKE_PREFIX_PATH=/opt/ros/humble /usr/local/bin/cmake /home/bluemaple/learn_projects/try_rmul/src/ul_decision -DCMAKE_INSTALL_PREFIX=/home/bluemaple/learn_projects/try_rmul/install/ul_decision
[0.710s] Invoking command in '/home/bluemaple/learn_projects/try_rmul/build/ul_decision': CMAKE_PREFIX_PATH=/opt/ros/humble /usr/local/bin/cmake --build /home/bluemaple/learn_projects/try_rmul/build/ul_decision -- -j24 -l24
[0.737s] [ 16%] [32mBuilding CXX object CMakeFiles/main.dir/src/main.cpp.o[0m
[0.738s] [ 33%] [32mBuilding CXX object CMakeFiles/main.dir/plugins/conditions/gamestart.cpp.o[0m
[0.738s] [ 83%] [32mBuilding CXX object CMakeFiles/main.dir/plugins/actions/check_status.cpp.o[0m
[0.738s] [ 83%] [32mBuilding CXX object CMakeFiles/main.dir/plugins/actions/update_status.cpp.o[0m
[0.738s] [ 83%] [32mBuilding CXX object CMakeFiles/main.dir/plugins/actions/get_to_position.cpp.o[0m
[8.587s] [100%] [1m[32mLinking CXX executable main[0m
[9.051s] [100%] Built target main
[9.057s] Invoked command in '/home/bluemaple/learn_projects/try_rmul/build/ul_decision' returned '0': CMAKE_PREFIX_PATH=/opt/ros/humble /usr/local/bin/cmake --build /home/bluemaple/learn_projects/try_rmul/build/ul_decision -- -j24 -l24
[9.062s] Invoking command in '/home/bluemaple/learn_projects/try_rmul/build/ul_decision': CMAKE_PREFIX_PATH=/opt/ros/humble /usr/local/bin/cmake --install /home/bluemaple/learn_projects/try_rmul/build/ul_decision
[9.064s] -- Install configuration: ""
[9.064s] -- Installing: /home/bluemaple/learn_projects/try_rmul/install/ul_decision/lib/ul_decision/main
[9.067s] -- Set non-toolchain portion of runtime path of "/home/bluemaple/learn_projects/try_rmul/install/ul_decision/lib/ul_decision/main" to ""
[9.067s] -- Installing: /home/bluemaple/learn_projects/try_rmul/install/ul_decision/share/ul_decision/param
[9.067s] -- Installing: /home/bluemaple/learn_projects/try_rmul/install/ul_decision/share/ul_decision/param/settings_param.yaml
[9.068s] -- Installing: /home/bluemaple/learn_projects/try_rmul/install/ul_decision/share/ul_decision/param/decision_tree.xml
[9.068s] -- Installing: /home/bluemaple/learn_projects/try_rmul/install/ul_decision/share/ul_decision/launch
[9.068s] -- Installing: /home/bluemaple/learn_projects/try_rmul/install/ul_decision/share/ul_decision/launch/bringup.launch.py
[9.068s] -- Installing: /home/bluemaple/learn_projects/try_rmul/install/ul_decision/share/ament_index/resource_index/package_run_dependencies/ul_decision
[9.068s] -- Installing: /home/bluemaple/learn_projects/try_rmul/install/ul_decision/share/ament_index/resource_index/parent_prefix_path/ul_decision
[9.068s] -- Installing: /home/bluemaple/learn_projects/try_rmul/install/ul_decision/share/ul_decision/environment/ament_prefix_path.sh
[9.068s] -- Installing: /home/bluemaple/learn_projects/try_rmul/install/ul_decision/share/ul_decision/environment/ament_prefix_path.dsv
[9.068s] -- Installing: /home/bluemaple/learn_projects/try_rmul/install/ul_decision/share/ul_decision/environment/path.sh
[9.068s] -- Installing: /home/bluemaple/learn_projects/try_rmul/install/ul_decision/share/ul_decision/environment/path.dsv
[9.068s] -- Installing: /home/bluemaple/learn_projects/try_rmul/install/ul_decision/share/ul_decision/local_setup.bash
[9.068s] -- Installing: /home/bluemaple/learn_projects/try_rmul/install/ul_decision/share/ul_decision/local_setup.sh
[9.068s] -- Installing: /home/bluemaple/learn_projects/try_rmul/install/ul_decision/share/ul_decision/local_setup.zsh
[9.068s] -- Installing: /home/bluemaple/learn_projects/try_rmul/install/ul_decision/share/ul_decision/local_setup.dsv
[9.068s] -- Installing: /home/bluemaple/learn_projects/try_rmul/install/ul_decision/share/ul_decision/package.dsv
[9.068s] -- Installing: /home/bluemaple/learn_projects/try_rmul/install/ul_decision/share/ament_index/resource_index/packages/ul_decision
[9.068s] -- Installing: /home/bluemaple/learn_projects/try_rmul/install/ul_decision/share/ul_decision/cmake/ul_decisionConfig.cmake
[9.068s] -- Installing: /home/bluemaple/learn_projects/try_rmul/install/ul_decision/share/ul_decision/cmake/ul_decisionConfig-version.cmake
[9.068s] -- Installing: /home/bluemaple/learn_projects/try_rmul/install/ul_decision/share/ul_decision/package.xml
[9.069s] Invoked command in '/home/bluemaple/learn_projects/try_rmul/build/ul_decision' returned '0': CMAKE_PREFIX_PATH=/opt/ros/humble /usr/local/bin/cmake --install /home/bluemaple/learn_projects/try_rmul/build/ul_decision
