[0.007s] Invoking command in '/home/bluemaple/learn_projects/try_ul/build/ul_decision': CMAKE_PREFIX_PATH=${CMAKE_PREFIX_PATH}:/opt/ros/humble /usr/local/bin/cmake --build /home/bluemaple/learn_projects/try_ul/build/ul_decision -- -j24 -l24
[0.038s] [ 50%] [32mBuilding CXX object CMakeFiles/main.dir/src/main.cpp.o[0m
[6.702s] [100%] [1m[32mLinking CXX executable main[0m
[6.996s] [100%] Built target main
[7.002s] Invoked command in '/home/bluemaple/learn_projects/try_ul/build/ul_decision' returned '0': CMAKE_PREFIX_PATH=${CMAKE_PREFIX_PATH}:/opt/ros/humble /usr/local/bin/cmake --build /home/bluemaple/learn_projects/try_ul/build/ul_decision -- -j24 -l24
[7.009s] Invoking command in '/home/bluemaple/learn_projects/try_ul/build/ul_decision': CMAKE_PREFIX_PATH=${CMAKE_PREFIX_PATH}:/opt/ros/humble /usr/local/bin/cmake --install /home/bluemaple/learn_projects/try_ul/build/ul_decision
[7.011s] -- Install configuration: ""
[7.011s] -- Installing: /home/bluemaple/learn_projects/try_ul/install/ul_decision/lib/ul_decision/main
[7.014s] -- Set non-toolchain portion of runtime path of "/home/bluemaple/learn_projects/try_ul/install/ul_decision/lib/ul_decision/main" to ""
[7.014s] -- Up-to-date: /home/bluemaple/learn_projects/try_ul/install/ul_decision/share/ul_decision/param
[7.015s] -- Up-to-date: /home/bluemaple/learn_projects/try_ul/install/ul_decision/share/ul_decision/param/decision_tree.xml
[7.015s] -- Up-to-date: /home/bluemaple/learn_projects/try_ul/install/ul_decision/share/ament_index/resource_index/package_run_dependencies/ul_decision
[7.016s] -- Up-to-date: /home/bluemaple/learn_projects/try_ul/install/ul_decision/share/ament_index/resource_index/parent_prefix_path/ul_decision
[7.016s] -- Up-to-date: /home/bluemaple/learn_projects/try_ul/install/ul_decision/share/ul_decision/environment/ament_prefix_path.sh
[7.016s] -- Up-to-date: /home/bluemaple/learn_projects/try_ul/install/ul_decision/share/ul_decision/environment/ament_prefix_path.dsv
[7.016s] -- Up-to-date: /home/bluemaple/learn_projects/try_ul/install/ul_decision/share/ul_decision/environment/path.sh
[7.016s] -- Up-to-date: /home/bluemaple/learn_projects/try_ul/install/ul_decision/share/ul_decision/environment/path.dsv
[7.017s] -- Up-to-date: /home/bluemaple/learn_projects/try_ul/install/ul_decision/share/ul_decision/local_setup.bash
[7.017s] -- Up-to-date: /home/bluemaple/learn_projects/try_ul/install/ul_decision/share/ul_decision/local_setup.sh
[7.017s] -- Up-to-date: /home/bluemaple/learn_projects/try_ul/install/ul_decision/share/ul_decision/local_setup.zsh
[7.017s] -- Up-to-date: /home/bluemaple/learn_projects/try_ul/install/ul_decision/share/ul_decision/local_setup.dsv
[7.017s] -- Installing: /home/bluemaple/learn_projects/try_ul/install/ul_decision/share/ul_decision/package.dsv
[7.017s] -- Up-to-date: /home/bluemaple/learn_projects/try_ul/install/ul_decision/share/ament_index/resource_index/packages/ul_decision
[7.017s] -- Up-to-date: /home/bluemaple/learn_projects/try_ul/install/ul_decision/share/ul_decision/cmake/ul_decisionConfig.cmake
[7.017s] -- Up-to-date: /home/bluemaple/learn_projects/try_ul/install/ul_decision/share/ul_decision/cmake/ul_decisionConfig-version.cmake
[7.017s] -- Up-to-date: /home/bluemaple/learn_projects/try_ul/install/ul_decision/share/ul_decision/package.xml
[7.017s] Invoked command in '/home/bluemaple/learn_projects/try_ul/build/ul_decision' returned '0': CMAKE_PREFIX_PATH=${CMAKE_PREFIX_PATH}:/opt/ros/humble /usr/local/bin/cmake --install /home/bluemaple/learn_projects/try_ul/build/ul_decision
