[100%] Built target main
-- Install configuration: ""
-- Up-to-date: /home/bluemaple/learn_projects/try_ul/install/ul_decision/lib/ul_decision/main
-- Up-to-date: /home/bluemaple/learn_projects/try_ul/install/ul_decision/share/ul_decision/param
-- Installing: /home/bluemaple/learn_projects/try_ul/install/ul_decision/share/ul_decision/param/decision_tree.xml
-- Up-to-date: /home/bluemaple/learn_projects/try_ul/install/ul_decision/share/ament_index/resource_index/package_run_dependencies/ul_decision
-- Up-to-date: /home/bluemaple/learn_projects/try_ul/install/ul_decision/share/ament_index/resource_index/parent_prefix_path/ul_decision
-- Up-to-date: /home/bluemaple/learn_projects/try_ul/install/ul_decision/share/ul_decision/environment/ament_prefix_path.sh
-- Up-to-date: /home/bluemaple/learn_projects/try_ul/install/ul_decision/share/ul_decision/environment/ament_prefix_path.dsv
-- Up-to-date: /home/bluemaple/learn_projects/try_ul/install/ul_decision/share/ul_decision/environment/path.sh
-- Up-to-date: /home/bluemaple/learn_projects/try_ul/install/ul_decision/share/ul_decision/environment/path.dsv
-- Up-to-date: /home/bluemaple/learn_projects/try_ul/install/ul_decision/share/ul_decision/local_setup.bash
-- Up-to-date: /home/bluemaple/learn_projects/try_ul/install/ul_decision/share/ul_decision/local_setup.sh
-- Up-to-date: /home/bluemaple/learn_projects/try_ul/install/ul_decision/share/ul_decision/local_setup.zsh
-- Up-to-date: /home/bluemaple/learn_projects/try_ul/install/ul_decision/share/ul_decision/local_setup.dsv
-- Installing: /home/bluemaple/learn_projects/try_ul/install/ul_decision/share/ul_decision/package.dsv
-- Up-to-date: /home/bluemaple/learn_projects/try_ul/install/ul_decision/share/ament_index/resource_index/packages/ul_decision
-- Up-to-date: /home/bluemaple/learn_projects/try_ul/install/ul_decision/share/ul_decision/cmake/ul_decisionConfig.cmake
-- Up-to-date: /home/bluemaple/learn_projects/try_ul/install/ul_decision/share/ul_decision/cmake/ul_decisionConfig-version.cmake
-- Up-to-date: /home/bluemaple/learn_projects/try_ul/install/ul_decision/share/ul_decision/package.xml
