[0.008s] Invoking command in '/home/bluemaple/learn_projects/try_ul/build/ul_decision': CMAKE_PREFIX_PATH=${CMAKE_PREFIX_PATH}:/opt/ros/humble /usr/local/bin/cmake --build /home/bluemaple/learn_projects/try_ul/build/ul_decision -- -j24 -l24
[0.036s] [100%] Built target main
[0.043s] Invoked command in '/home/bluemaple/learn_projects/try_ul/build/ul_decision' returned '0': CMAKE_PREFIX_PATH=${CMAKE_PREFIX_PATH}:/opt/ros/humble /usr/local/bin/cmake --build /home/bluemaple/learn_projects/try_ul/build/ul_decision -- -j24 -l24
[0.044s] Invoking command in '/home/bluemaple/learn_projects/try_ul/build/ul_decision': CMAKE_PREFIX_PATH=${CMAKE_PREFIX_PATH}:/opt/ros/humble /usr/local/bin/cmake --install /home/bluemaple/learn_projects/try_ul/build/ul_decision
[0.048s] -- Install configuration: ""
[0.048s] -- Up-to-date: /home/bluemaple/learn_projects/try_ul/install/ul_decision/lib/ul_decision/main
[0.048s] -- Up-to-date: /home/bluemaple/learn_projects/try_ul/install/ul_decision/share/ul_decision/param
[0.048s] -- Installing: /home/bluemaple/learn_projects/try_ul/install/ul_decision/share/ul_decision/param/decision_tree.xml
[0.048s] -- Up-to-date: /home/bluemaple/learn_projects/try_ul/install/ul_decision/share/ament_index/resource_index/package_run_dependencies/ul_decision
[0.048s] -- Up-to-date: /home/bluemaple/learn_projects/try_ul/install/ul_decision/share/ament_index/resource_index/parent_prefix_path/ul_decision
[0.048s] -- Up-to-date: /home/bluemaple/learn_projects/try_ul/install/ul_decision/share/ul_decision/environment/ament_prefix_path.sh
[0.048s] -- Up-to-date: /home/bluemaple/learn_projects/try_ul/install/ul_decision/share/ul_decision/environment/ament_prefix_path.dsv
[0.048s] -- Up-to-date: /home/bluemaple/learn_projects/try_ul/install/ul_decision/share/ul_decision/environment/path.sh
[0.048s] -- Up-to-date: /home/bluemaple/learn_projects/try_ul/install/ul_decision/share/ul_decision/environment/path.dsv
[0.048s] -- Up-to-date: /home/bluemaple/learn_projects/try_ul/install/ul_decision/share/ul_decision/local_setup.bash
[0.048s] -- Up-to-date: /home/bluemaple/learn_projects/try_ul/install/ul_decision/share/ul_decision/local_setup.sh
[0.048s] -- Up-to-date: /home/bluemaple/learn_projects/try_ul/install/ul_decision/share/ul_decision/local_setup.zsh
[0.048s] -- Up-to-date: /home/bluemaple/learn_projects/try_ul/install/ul_decision/share/ul_decision/local_setup.dsv
[0.048s] -- Installing: /home/bluemaple/learn_projects/try_ul/install/ul_decision/share/ul_decision/package.dsv
[0.048s] -- Up-to-date: /home/bluemaple/learn_projects/try_ul/install/ul_decision/share/ament_index/resource_index/packages/ul_decision
[0.048s] -- Up-to-date: /home/bluemaple/learn_projects/try_ul/install/ul_decision/share/ul_decision/cmake/ul_decisionConfig.cmake
[0.048s] -- Up-to-date: /home/bluemaple/learn_projects/try_ul/install/ul_decision/share/ul_decision/cmake/ul_decisionConfig-version.cmake
[0.048s] -- Up-to-date: /home/bluemaple/learn_projects/try_ul/install/ul_decision/share/ul_decision/package.xml
[0.049s] Invoked command in '/home/bluemaple/learn_projects/try_ul/build/ul_decision' returned '0': CMAKE_PREFIX_PATH=${CMAKE_PREFIX_PATH}:/opt/ros/humble /usr/local/bin/cmake --install /home/bluemaple/learn_projects/try_ul/build/ul_decision
