[0.006s] Invoking command in '/home/bluemaple/learn_projects/try_rmul/build/ul_decision': CMAKE_PREFIX_PATH=/opt/ros/humble /usr/local/bin/cmake /home/bluemaple/learn_projects/try_rmul/src/ul_decision -DCMAKE_INSTALL_PREFIX=/home/bluemaple/learn_projects/try_rmul/install/ul_decision
[0.020s] -- Found ament_cmake: 1.3.13 (/opt/ros/humble/share/ament_cmake/cmake)
[0.144s] -- Found rclcpp: 16.0.18 (/opt/ros/humble/share/rclcpp/cmake)
[0.167s] -- Found rosidl_generator_c: 3.1.8 (/opt/ros/humble/share/rosidl_generator_c/cmake)
[0.168s] -- Found rosidl_adapter: 3.1.8 (/opt/ros/humble/share/rosidl_adapter/cmake)
[0.172s] -- Found rosidl_generator_cpp: 3.1.8 (/opt/ros/humble/share/rosidl_generator_cpp/cmake)
[0.178s] -- Using all available rosidl_typesupport_c: rosidl_typesupport_fastrtps_c;rosidl_typesupport_introspection_c
[0.187s] -- Using all available rosidl_typesupport_cpp: rosidl_typesupport_fastrtps_cpp;rosidl_typesupport_introspection_cpp
[0.207s] -- Found rmw_implementation_cmake: 6.1.2 (/opt/ros/humble/share/rmw_implementation_cmake/cmake)
[0.208s] -- Found rmw_cyclonedds_cpp: 1.3.4 (/opt/ros/humble/share/rmw_cyclonedds_cpp/cmake)
[0.229s] -- Using RMW implementation 'rmw_cyclonedds_cpp' as default
[0.273s] -- Found ament_lint_auto: 0.12.15 (/opt/ros/humble/share/ament_lint_auto/cmake)
[0.322s] -- Added test 'cppcheck' to perform static code analysis on C / C++ code
[0.322s] -- Configured cppcheck include dirs: /home/bluemaple/learn_projects/try_rmul/src/ul_decision/include
[0.322s] -- Configured cppcheck exclude dirs and/or files: 
[0.324s] -- Added test 'flake8' to check Python code syntax and style conventions
[0.325s] -- Added test 'lint_cmake' to check CMake code style
[0.326s] -- Added test 'pep257' to check Python code against some of the docstring style conventions in PEP 257
[0.327s] -- Added test 'uncrustify' to check C / C++ code style
[0.328s] -- Configured uncrustify additional arguments: 
[0.328s] -- Added test 'xmllint' to check XML markup files
[0.331s] -- Configuring done (0.3s)
[0.338s] -- Generating done (0.0s)
[0.348s] -- Build files have been written to: /home/bluemaple/learn_projects/try_rmul/build/ul_decision
[0.353s] Invoked command in '/home/bluemaple/learn_projects/try_rmul/build/ul_decision' returned '0': CMAKE_PREFIX_PATH=/opt/ros/humble /usr/local/bin/cmake /home/bluemaple/learn_projects/try_rmul/src/ul_decision -DCMAKE_INSTALL_PREFIX=/home/bluemaple/learn_projects/try_rmul/install/ul_decision
[0.354s] Invoking command in '/home/bluemaple/learn_projects/try_rmul/build/ul_decision': CMAKE_PREFIX_PATH=/opt/ros/humble /usr/local/bin/cmake --build /home/bluemaple/learn_projects/try_rmul/build/ul_decision -- -j24 -l24
[0.374s] [ 33%] [32mBuilding CXX object CMakeFiles/main.dir/plugins/conditions/gamestart.cpp.o[0m
[0.374s] [ 33%] [32mBuilding CXX object CMakeFiles/main.dir/src/main.cpp.o[0m
[0.374s] [ 50%] [32mBuilding CXX object CMakeFiles/main.dir/plugins/actions/update_status.cpp.o[0m
[0.374s] [ 66%] [32mBuilding CXX object CMakeFiles/main.dir/plugins/actions/check_status.cpp.o[0m
[0.374s] [ 83%] [32mBuilding CXX object CMakeFiles/main.dir/plugins/actions/get_to_position.cpp.o[0m
[9.009s] [100%] [1m[32mLinking CXX executable main[0m
[9.534s] [100%] Built target main
[9.539s] Invoked command in '/home/bluemaple/learn_projects/try_rmul/build/ul_decision' returned '0': CMAKE_PREFIX_PATH=/opt/ros/humble /usr/local/bin/cmake --build /home/bluemaple/learn_projects/try_rmul/build/ul_decision -- -j24 -l24
[9.543s] Invoking command in '/home/bluemaple/learn_projects/try_rmul/build/ul_decision': CMAKE_PREFIX_PATH=/opt/ros/humble /usr/local/bin/cmake --install /home/bluemaple/learn_projects/try_rmul/build/ul_decision
[9.545s] -- Install configuration: ""
[9.545s] -- Installing: /home/bluemaple/learn_projects/try_rmul/install/ul_decision/lib/ul_decision/main
[9.548s] -- Set non-toolchain portion of runtime path of "/home/bluemaple/learn_projects/try_rmul/install/ul_decision/lib/ul_decision/main" to ""
[9.548s] -- Installing: /home/bluemaple/learn_projects/try_rmul/install/ul_decision/share/ul_decision/param
[9.548s] -- Installing: /home/bluemaple/learn_projects/try_rmul/install/ul_decision/share/ul_decision/param/settings_param.yaml
[9.548s] -- Installing: /home/bluemaple/learn_projects/try_rmul/install/ul_decision/share/ul_decision/param/decision_tree.xml
[9.548s] -- Installing: /home/bluemaple/learn_projects/try_rmul/install/ul_decision/share/ul_decision/launch
[9.548s] -- Installing: /home/bluemaple/learn_projects/try_rmul/install/ul_decision/share/ul_decision/launch/bringup.launch.py
[9.548s] -- Installing: /home/bluemaple/learn_projects/try_rmul/install/ul_decision/share/ament_index/resource_index/package_run_dependencies/ul_decision
[9.548s] -- Installing: /home/bluemaple/learn_projects/try_rmul/install/ul_decision/share/ament_index/resource_index/parent_prefix_path/ul_decision
[9.548s] -- Installing: /home/bluemaple/learn_projects/try_rmul/install/ul_decision/share/ul_decision/environment/ament_prefix_path.sh
[9.548s] -- Installing: /home/bluemaple/learn_projects/try_rmul/install/ul_decision/share/ul_decision/environment/ament_prefix_path.dsv
[9.548s] -- Installing: /home/bluemaple/learn_projects/try_rmul/install/ul_decision/share/ul_decision/environment/path.sh
[9.548s] -- Installing: /home/bluemaple/learn_projects/try_rmul/install/ul_decision/share/ul_decision/environment/path.dsv
[9.548s] -- Installing: /home/bluemaple/learn_projects/try_rmul/install/ul_decision/share/ul_decision/local_setup.bash
[9.548s] -- Installing: /home/bluemaple/learn_projects/try_rmul/install/ul_decision/share/ul_decision/local_setup.sh
[9.548s] -- Installing: /home/bluemaple/learn_projects/try_rmul/install/ul_decision/share/ul_decision/local_setup.zsh
[9.548s] -- Installing: /home/bluemaple/learn_projects/try_rmul/install/ul_decision/share/ul_decision/local_setup.dsv
[9.548s] -- Installing: /home/bluemaple/learn_projects/try_rmul/install/ul_decision/share/ul_decision/package.dsv
[9.548s] -- Installing: /home/bluemaple/learn_projects/try_rmul/install/ul_decision/share/ament_index/resource_index/packages/ul_decision
[9.548s] -- Installing: /home/bluemaple/learn_projects/try_rmul/install/ul_decision/share/ul_decision/cmake/ul_decisionConfig.cmake
[9.548s] -- Installing: /home/bluemaple/learn_projects/try_rmul/install/ul_decision/share/ul_decision/cmake/ul_decisionConfig-version.cmake
[9.548s] -- Installing: /home/bluemaple/learn_projects/try_rmul/install/ul_decision/share/ul_decision/package.xml
[9.550s] Invoked command in '/home/bluemaple/learn_projects/try_rmul/build/ul_decision' returned '0': CMAKE_PREFIX_PATH=/opt/ros/humble /usr/local/bin/cmake --install /home/bluemaple/learn_projects/try_rmul/build/ul_decision
