[0.008s] Invoking command in '/home/bluemaple/learn_projects/try_ul/build/ul_decision': CMAKE_PREFIX_PATH=/opt/ros/humble /usr/local/bin/cmake --build /home/bluemaple/learn_projects/try_ul/build/ul_decision -- -j24 -l24
[0.044s] -- Found ament_cmake: 1.3.13 (/opt/ros/humble/share/ament_cmake/cmake)
[0.202s] -- Found rclcpp: 16.0.18 (/opt/ros/humble/share/rclcpp/cmake)
[0.241s] -- Found rosidl_generator_c: 3.1.8 (/opt/ros/humble/share/rosidl_generator_c/cmake)
[0.243s] -- Found rosidl_adapter: 3.1.8 (/opt/ros/humble/share/rosidl_adapter/cmake)
[0.250s] -- Found rosidl_generator_cpp: 3.1.8 (/opt/ros/humble/share/rosidl_generator_cpp/cmake)
[0.262s] -- Using all available rosidl_typesupport_c: rosidl_typesupport_fastrtps_c;rosidl_typesupport_introspection_c
[0.276s] -- Using all available rosidl_typesupport_cpp: rosidl_typesupport_fastrtps_cpp;rosidl_typesupport_introspection_cpp
[0.312s] -- Found rmw_implementation_cmake: 6.1.2 (/opt/ros/humble/share/rmw_implementation_cmake/cmake)
[0.314s] -- Found rmw_cyclonedds_cpp: 1.3.4 (/opt/ros/humble/share/rmw_cyclonedds_cpp/cmake)
[0.336s] -- Using RMW implementation 'rmw_cyclonedds_cpp' as default
[0.393s] [31mCMake Error at /opt/ros/humble/share/ament_cmake_target_dependencies/cmake/ament_target_dependencies.cmake:42 (message):
[0.394s]   ament_target_dependencies() the first argument must be a valid target name
[0.394s] Call Stack (most recent call first):
[0.394s]   CMakeLists.txt:21 (ament_target_dependencies)
[0.394s] 
[0.394s] [0m
[0.394s] -- Configuring incomplete, errors occurred!
[0.402s] gmake: *** [Makefile:294：cmake_check_build_system] 错误 1
[0.405s] Invoked command in '/home/bluemaple/learn_projects/try_ul/build/ul_decision' returned '2': CMAKE_PREFIX_PATH=/opt/ros/humble /usr/local/bin/cmake --build /home/bluemaple/learn_projects/try_ul/build/ul_decision -- -j24 -l24
