[0.006s] Invoking command in '/home/bluemaple/learn_projects/try_ul/build/ul_decision': CMAKE_PREFIX_PATH=/opt/ros/humble /usr/local/bin/cmake --build /home/bluemaple/learn_projects/try_ul/build/ul_decision -- -j24 -l24
[0.038s] [ 50%] [32mBuilding CXX object CMakeFiles/main.dir/src/main.cpp.o[0m
[6.437s] [100%] [1m[32mLinking CXX executable main[0m
[6.714s] [100%] Built target main
[6.719s] Invoked command in '/home/bluemaple/learn_projects/try_ul/build/ul_decision' returned '0': CMAKE_PREFIX_PATH=/opt/ros/humble /usr/local/bin/cmake --build /home/bluemaple/learn_projects/try_ul/build/ul_decision -- -j24 -l24
[6.723s] Invoking command in '/home/bluemaple/learn_projects/try_ul/build/ul_decision': CMAKE_PREFIX_PATH=/opt/ros/humble /usr/local/bin/cmake --install /home/bluemaple/learn_projects/try_ul/build/ul_decision
[6.724s] -- Install configuration: ""
[6.726s] -- Installing: /home/bluemaple/learn_projects/try_ul/install/ul_decision/lib/ul_decision/main
[6.727s] -- Set non-toolchain portion of runtime path of "/home/bluemaple/learn_projects/try_ul/install/ul_decision/lib/ul_decision/main" to ""
[6.727s] -- Up-to-date: /home/bluemaple/learn_projects/try_ul/install/ul_decision/share/ul_decision/param
[6.727s] -- Installing: /home/bluemaple/learn_projects/try_ul/install/ul_decision/share/ul_decision/param/decision_tree.xml
[6.727s] -- Up-to-date: /home/bluemaple/learn_projects/try_ul/install/ul_decision/share/ament_index/resource_index/package_run_dependencies/ul_decision
[6.727s] -- Up-to-date: /home/bluemaple/learn_projects/try_ul/install/ul_decision/share/ament_index/resource_index/parent_prefix_path/ul_decision
[6.727s] -- Up-to-date: /home/bluemaple/learn_projects/try_ul/install/ul_decision/share/ul_decision/environment/ament_prefix_path.sh
[6.727s] -- Installing: /home/bluemaple/learn_projects/try_ul/install/ul_decision/share/ul_decision/environment/ament_prefix_path.dsv
[6.727s] -- Up-to-date: /home/bluemaple/learn_projects/try_ul/install/ul_decision/share/ul_decision/environment/path.sh
[6.728s] -- Installing: /home/bluemaple/learn_projects/try_ul/install/ul_decision/share/ul_decision/environment/path.dsv
[6.728s] -- Up-to-date: /home/bluemaple/learn_projects/try_ul/install/ul_decision/share/ul_decision/local_setup.bash
[6.728s] -- Up-to-date: /home/bluemaple/learn_projects/try_ul/install/ul_decision/share/ul_decision/local_setup.sh
[6.728s] -- Up-to-date: /home/bluemaple/learn_projects/try_ul/install/ul_decision/share/ul_decision/local_setup.zsh
[6.728s] -- Installing: /home/bluemaple/learn_projects/try_ul/install/ul_decision/share/ul_decision/local_setup.dsv
[6.728s] -- Installing: /home/bluemaple/learn_projects/try_ul/install/ul_decision/share/ul_decision/package.dsv
[6.728s] -- Up-to-date: /home/bluemaple/learn_projects/try_ul/install/ul_decision/share/ament_index/resource_index/packages/ul_decision
[6.728s] -- Up-to-date: /home/bluemaple/learn_projects/try_ul/install/ul_decision/share/ul_decision/cmake/ul_decisionConfig.cmake
[6.728s] -- Up-to-date: /home/bluemaple/learn_projects/try_ul/install/ul_decision/share/ul_decision/cmake/ul_decisionConfig-version.cmake
[6.728s] -- Up-to-date: /home/bluemaple/learn_projects/try_ul/install/ul_decision/share/ul_decision/package.xml
[6.729s] Invoked command in '/home/bluemaple/learn_projects/try_ul/build/ul_decision' returned '0': CMAKE_PREFIX_PATH=/opt/ros/humble /usr/local/bin/cmake --install /home/bluemaple/learn_projects/try_ul/build/ul_decision
