[0.005s] Invoking command in '/home/bluemaple/learn_projects/try_rmul/build/ul_decision': CMAKE_PREFIX_PATH=/opt/ros/humble /usr/local/bin/cmake /home/bluemaple/learn_projects/try_rmul/src/ul_decision -DCMAKE_INSTALL_PREFIX=/home/bluemaple/learn_projects/try_rmul/install/ul_decision
[0.014s] [0mCMake Deprecation Warning at CMakeLists.txt:1 (cmake_minimum_required):
[0.014s]   Compatibility with CMake < 3.10 will be removed from a future version of
[0.014s]   CMake.
[0.014s] 
[0.015s]   Update the VERSION argument <min> value.  Or, use the <min>...<max> syntax
[0.015s]   to tell CMake that the project requires at least <min> but has been updated
[0.015s]   to work with policies introduced by <max> or earlier.
[0.015s] 
[0.015s] [0m
[0.081s] -- The C compiler identification is GNU 11.4.0
[0.156s] -- The CXX compiler identification is GNU 11.4.0
[0.164s] -- Detecting C compiler ABI info
[0.212s] -- Detecting C compiler ABI info - done
[0.226s] -- Check for working C compiler: /usr/bin/cc - skipped
[0.227s] -- Detecting C compile features
[0.229s] -- Detecting C compile features - done
[0.243s] -- Detecting CXX compiler ABI info
[0.297s] -- Detecting CXX compiler ABI info - done
[0.309s] -- Check for working CXX compiler: /usr/bin/c++ - skipped
[0.309s] -- Detecting CXX compile features
[0.309s] -- Detecting CXX compile features - done
[0.322s] -- Found ament_cmake: 1.3.13 (/opt/ros/humble/share/ament_cmake/cmake)
[0.424s] -- Found Python3: /usr/bin/python3 (found version "3.10.12") found components: Interpreter
[0.498s] -- Found rclcpp: 16.0.18 (/opt/ros/humble/share/rclcpp/cmake)
[0.543s] -- Found rosidl_generator_c: 3.1.8 (/opt/ros/humble/share/rosidl_generator_c/cmake)
[0.552s] -- Found rosidl_adapter: 3.1.8 (/opt/ros/humble/share/rosidl_adapter/cmake)
[0.566s] -- Found rosidl_generator_cpp: 3.1.8 (/opt/ros/humble/share/rosidl_generator_cpp/cmake)
[0.583s] -- Using all available rosidl_typesupport_c: rosidl_typesupport_fastrtps_c;rosidl_typesupport_introspection_c
[0.603s] -- Using all available rosidl_typesupport_cpp: rosidl_typesupport_fastrtps_cpp;rosidl_typesupport_introspection_cpp
[0.665s] -- Found rmw_implementation_cmake: 6.1.2 (/opt/ros/humble/share/rmw_implementation_cmake/cmake)
[0.667s] -- Found rmw_cyclonedds_cpp: 1.3.4 (/opt/ros/humble/share/rmw_cyclonedds_cpp/cmake)
[0.689s] -- Using RMW implementation 'rmw_cyclonedds_cpp' as default
[0.697s] -- Performing Test CMAKE_HAVE_LIBC_PTHREAD
[0.753s] -- Performing Test CMAKE_HAVE_LIBC_PTHREAD - Success
[0.754s] -- Found Threads: TRUE
[0.819s] -- Found ament_lint_auto: 0.12.15 (/opt/ros/humble/share/ament_lint_auto/cmake)
[0.863s] [31mCMake Error at /opt/ros/humble/share/ament_cmake_core/cmake/core/ament_package_xml.cmake:53 (message):
[0.863s]   ament_package_xml() package name 'ul_decision' in '/package.xml' does not
[0.863s]   match current PROJECT_NAME 'decision'.  You must call project() with the
[0.863s]   same package name before.
[0.863s] Call Stack (most recent call first):
[0.863s]   /opt/ros/humble/share/ament_lint_auto/cmake/ament_lint_auto_find_test_dependencies.cmake:31 (ament_package_xml)
[0.863s]   CMakeLists.txt:55 (ament_lint_auto_find_test_dependencies)
[0.863s] 
[0.863s] [0m
[0.863s] -- Configuring incomplete, errors occurred!
[0.872s] Invoked command in '/home/bluemaple/learn_projects/try_rmul/build/ul_decision' returned '1': CMAKE_PREFIX_PATH=/opt/ros/humble /usr/local/bin/cmake /home/bluemaple/learn_projects/try_rmul/src/ul_decision -DCMAKE_INSTALL_PREFIX=/home/bluemaple/learn_projects/try_rmul/install/ul_decision
