In file included from [01m[K/opt/ros/humble/include/behaviortree_cpp_v3/action_node.h:17[m[K,
                 from [01m[K/opt/ros/humble/include/behaviortree_cpp_v3/behavior_tree.h:28[m[K,
                 from [01m[K/opt/ros/humble/include/behaviortree_cpp_v3/bt_factory.h:25[m[K,
                 from [01m[K/home/bluemaple/learn_projects/try_ul/src/ul_decision/src/main.cpp:1[m[K:
/usr/include/c++/11/atomic: In instantiation of ‘[01m[Kstruct std::atomic<std::__cxx11::basic_string<char> >[m[K’:
[01m[K/home/bluemaple/learn_projects/try_ul/src/ul_decision/src/main.cpp:189:30:[m[K   required from here
[01m[K/usr/include/c++/11/atomic:211:21:[m[K [01;31m[Kerror: [m[Kstatic assertion failed: std::atomic requires a trivially copyable type
  211 |       static_assert([01;31m[K__is_trivially_copyable(_Tp)[m[K,
      |                     [01;31m[K^~~~~~~~~~~~~~~~~~~~~~~~~~~~[m[K
[01m[K/usr/include/c++/11/atomic:211:21:[m[K [01;36m[Knote: [m[K‘[01m[Kfalse[m[K’ evaluates to false
In file included from [01m[K/opt/ros/humble/include/rclcpp/rclcpp/logging.hpp:24[m[K,
                 from [01m[K/opt/ros/humble/include/rclcpp/rclcpp/client.hpp:40[m[K,
                 from [01m[K/opt/ros/humble/include/rclcpp/rclcpp/callback_group.hpp:24[m[K,
                 from [01m[K/opt/ros/humble/include/rclcpp/rclcpp/any_executable.hpp:20[m[K,
                 from [01m[K/opt/ros/humble/include/rclcpp/rclcpp/memory_strategy.hpp:25[m[K,
                 from [01m[K/opt/ros/humble/include/rclcpp/rclcpp/memory_strategies.hpp:18[m[K,
                 from [01m[K/opt/ros/humble/include/rclcpp/rclcpp/executor_options.hpp:20[m[K,
                 from [01m[K/opt/ros/humble/include/rclcpp/rclcpp/executor.hpp:37[m[K,
                 from [01m[K/opt/ros/humble/include/rclcpp/rclcpp/executors/multi_threaded_executor.hpp:25[m[K,
                 from [01m[K/opt/ros/humble/include/rclcpp/rclcpp/executors.hpp:21[m[K,
                 from [01m[K/opt/ros/humble/include/rclcpp/rclcpp/rclcpp.hpp:155[m[K,
                 from [01m[K/home/bluemaple/learn_projects/try_ul/src/ul_decision/src/main.cpp:2[m[K:
[01m[K/home/bluemaple/learn_projects/try_ul/src/ul_decision/src/main.cpp:[m[K In member function ‘[01m[Kvirtual BT::NodeStatus GetToPosition::onStart()[m[K’:
[01m[K/home/bluemaple/learn_projects/try_ul/src/ul_decision/src/main.cpp:163:42:[m[K [01;35m[Kwarning: [m[Kformat ‘[01m[K%s[m[K’ expects argument of type ‘[01m[Kchar*[m[K’, but argument 5 has type ‘[01m[Kstd::__cxx11::basic_string<char>[m[K’ [[01;35m[K]8;;https://gcc.gnu.org/onlinedocs/gcc/Warning-Options.html#index-Wformat=-Wformat=]8;;[m[K]
  163 |         RCLCPP_INFO(node_->get_logger(), [01;35m[K"开始前往%s"[m[K, [32m[Ktarget_position.load()[m[K);
      |                                          [01;35m[K^~~~~~~~~~~~[m[K  [32m[K~~~~~~~~~~~~~~~~~~~~~~[m[K
      |                                                                            [32m[K|[m[K
      |                                                                            [32m[Kstd::__cxx11::basic_string<char>[m[K
[01m[K/home/bluemaple/learn_projects/try_ul/src/ul_decision/src/main.cpp:163:52:[m[K [01;36m[Knote: [m[Kformat string is defined here
  163 |         RCLCPP_INFO(node_->get_logger(), "开始前往[01;36m[K%s[m[K", target_position.load());
      |                                                   [01;36m[K~^[m[K
      |                                                    [01;36m[K|[m[K
      |                                                    [01;36m[Kchar*[m[K
In file included from [01m[K/opt/ros/humble/include/rclcpp/rclcpp/logging.hpp:24[m[K,
                 from [01m[K/opt/ros/humble/include/rclcpp/rclcpp/client.hpp:40[m[K,
                 from [01m[K/opt/ros/humble/include/rclcpp/rclcpp/callback_group.hpp:24[m[K,
                 from [01m[K/opt/ros/humble/include/rclcpp/rclcpp/any_executable.hpp:20[m[K,
                 from [01m[K/opt/ros/humble/include/rclcpp/rclcpp/memory_strategy.hpp:25[m[K,
                 from [01m[K/opt/ros/humble/include/rclcpp/rclcpp/memory_strategies.hpp:18[m[K,
                 from [01m[K/opt/ros/humble/include/rclcpp/rclcpp/executor_options.hpp:20[m[K,
                 from [01m[K/opt/ros/humble/include/rclcpp/rclcpp/executor.hpp:37[m[K,
                 from [01m[K/opt/ros/humble/include/rclcpp/rclcpp/executors/multi_threaded_executor.hpp:25[m[K,
                 from [01m[K/opt/ros/humble/include/rclcpp/rclcpp/executors.hpp:21[m[K,
                 from [01m[K/opt/ros/humble/include/rclcpp/rclcpp/rclcpp.hpp:155[m[K,
                 from [01m[K/home/bluemaple/learn_projects/try_ul/src/ul_decision/src/main.cpp:2[m[K:
[01m[K/home/bluemaple/learn_projects/try_ul/src/ul_decision/src/main.cpp:[m[K In member function ‘[01m[Kvirtual BT::NodeStatus GetToPosition::onRunning()[m[K’:
[01m[K/home/bluemaple/learn_projects/try_ul/src/ul_decision/src/main.cpp:171:46:[m[K [01;35m[Kwarning: [m[Kformat ‘[01m[K%s[m[K’ expects argument of type ‘[01m[Kchar*[m[K’, but argument 5 has type ‘[01m[Kstd::__cxx11::basic_string<char>[m[K’ [[01;35m[K]8;;https://gcc.gnu.org/onlinedocs/gcc/Warning-Options.html#index-Wformat=-Wformat=]8;;[m[K]
  171 |             RCLCPP_INFO(node_->get_logger(), [01;35m[K"正在前往%s"[m[K, [32m[Ktarget_position.load()[m[K);
      |                                              [01;35m[K^~~~~~~~~~~~[m[K  [32m[K~~~~~~~~~~~~~~~~~~~~~~[m[K
      |                                                                                [32m[K|[m[K
      |                                                                                [32m[Kstd::__cxx11::basic_string<char>[m[K
[01m[K/home/bluemaple/learn_projects/try_ul/src/ul_decision/src/main.cpp:171:56:[m[K [01;36m[Knote: [m[Kformat string is defined here
  171 |             RCLCPP_INFO(node_->get_logger(), "正在前往[01;36m[K%s[m[K", target_position.load());
      |                                                       [01;36m[K~^[m[K
      |                                                        [01;36m[K|[m[K
      |                                                        [01;36m[Kchar*[m[K
gmake[2]: *** [CMakeFiles/main.dir/build.make:79：CMakeFiles/main.dir/src/main.cpp.o] 错误 1
gmake[1]: *** [CMakeFiles/Makefile2:153：CMakeFiles/main.dir/all] 错误 2
gmake: *** [Makefile:146：all] 错误 2
