[0.008s] Invoking command in '/home/bluemaple/try_rmul/build/decision': CMAKE_PREFIX_PATH=${CMAKE_PREFIX_PATH}:/opt/ros/humble /usr/bin/cmake --build /home/bluemaple/try_rmul/build/decision -- -j24 -l24
[0.052s] -- Found ament_cmake: 1.3.14 (/opt/ros/humble/share/ament_cmake/cmake)
[0.139s] -- Found rclcpp: 16.0.18 (/opt/ros/humble/share/rclcpp/cmake)
[0.322s] -- Found rosidl_generator_c: 3.1.8 (/opt/ros/humble/share/rosidl_generator_c/cmake)
[0.324s] -- Found rosidl_adapter: 3.1.8 (/opt/ros/humble/share/rosidl_adapter/cmake)
[0.330s] -- Found rosidl_generator_cpp: 3.1.8 (/opt/ros/humble/share/rosidl_generator_cpp/cmake)
[0.339s] -- Using all available rosidl_typesupport_c: rosidl_typesupport_fastrtps_c;rosidl_typesupport_introspection_c
[0.349s] -- Using all available rosidl_typesupport_cpp: rosidl_typesupport_fastrtps_cpp;rosidl_typesupport_introspection_cpp
[0.380s] -- Found rmw_implementation_cmake: 6.1.2 (/opt/ros/humble/share/rmw_implementation_cmake/cmake)
[0.382s] -- Found rmw_fastrtps_cpp: 6.2.10 (/opt/ros/humble/share/rmw_fastrtps_cpp/cmake)
[5.970s] -- Using RMW implementation 'rmw_fastrtps_cpp' as default
[6.013s] -- Found ament_lint_auto: 0.12.15 (/opt/ros/humble/share/ament_lint_auto/cmake)
[6.061s] -- Added test 'cppcheck' to perform static code analysis on C / C++ code
[6.061s] -- Configured cppcheck include dirs: /home/bluemaple/try_rmul/src/decision/include
[6.061s] -- Configured cppcheck exclude dirs and/or files: 
[6.061s] -- Added test 'flake8' to check Python code syntax and style conventions
[6.062s] -- Added test 'lint_cmake' to check CMake code style
[6.062s] -- Added test 'pep257' to check Python code against some of the docstring style conventions in PEP 257
[6.063s] -- Added test 'uncrustify' to check C / C++ code style
[6.063s] -- Configured uncrustify additional arguments: 
[6.063s] -- Added test 'xmllint' to check XML markup files
[6.065s] -- Configuring done
[6.067s] [31mCMake Error at CMakeLists.txt:16 (add_executable):
[6.067s]   Cannot find source file:
[6.067s] 
[6.067s]     src/bt_nodes/game_start.cpp
[6.067s] 
[6.067s]   Tried extensions .c .C .c++ .cc .cpp .cxx .cu .mpp .m .M .mm .ixx .cppm .h
[6.067s]   .hh .h++ .hm .hpp .hxx .in .txx .f .F .for .f77 .f90 .f95 .f03 .hip .ispc
[6.067s] 
[6.067s] [0m
[6.068s] [31mCMake Error at CMakeLists.txt:16 (add_executable):
[6.068s]   No SOURCES given to target: main
[6.068s] 
[6.068s] [0m
[6.068s] [0mCMake Generate step failed.  Build files cannot be regenerated correctly.[0m
[6.075s] gmake: *** [Makefile:267: cmake_check_build_system] Error 1
[6.076s] Invoked command in '/home/bluemaple/try_rmul/build/decision' returned '2': CMAKE_PREFIX_PATH=${CMAKE_PREFIX_PATH}:/opt/ros/humble /usr/bin/cmake --build /home/bluemaple/try_rmul/build/decision -- -j24 -l24
