[0.009s] Invoking command in '/home/bluemaple/try_rmul/build/decision': CMAKE_PREFIX_PATH=/opt/ros/humble /usr/bin/cmake /home/bluemaple/try_rmul/src/decision -DCMAKE_INSTALL_PREFIX=/home/bluemaple/try_rmul/install/decision
[0.045s] -- Found ament_cmake: 1.3.14 (/opt/ros/humble/share/ament_cmake/cmake)
[0.137s] -- Found rclcpp: 16.0.18 (/opt/ros/humble/share/rclcpp/cmake)
[0.318s] -- Found rosidl_generator_c: 3.1.8 (/opt/ros/humble/share/rosidl_generator_c/cmake)
[0.321s] -- Found rosidl_adapter: 3.1.8 (/opt/ros/humble/share/rosidl_adapter/cmake)
[0.329s] -- Found rosidl_generator_cpp: 3.1.8 (/opt/ros/humble/share/rosidl_generator_cpp/cmake)
[0.339s] -- Using all available rosidl_typesupport_c: rosidl_typesupport_fastrtps_c;rosidl_typesupport_introspection_c
[0.349s] -- Using all available rosidl_typesupport_cpp: rosidl_typesupport_fastrtps_cpp;rosidl_typesupport_introspection_cpp
[0.384s] -- Found rmw_implementation_cmake: 6.1.2 (/opt/ros/humble/share/rmw_implementation_cmake/cmake)
[0.387s] -- Found rmw_fastrtps_cpp: 6.2.10 (/opt/ros/humble/share/rmw_fastrtps_cpp/cmake)
[5.837s] -- Using RMW implementation 'rmw_fastrtps_cpp' as default
[5.889s] -- Found ament_lint_auto: 0.12.15 (/opt/ros/humble/share/ament_lint_auto/cmake)
[5.941s] -- Added test 'cppcheck' to perform static code analysis on C / C++ code
[5.941s] -- Configured cppcheck include dirs: 
[5.941s] -- Configured cppcheck exclude dirs and/or files: 
[5.941s] -- Added test 'flake8' to check Python code syntax and style conventions
[5.942s] -- Added test 'lint_cmake' to check CMake code style
[5.942s] -- Added test 'pep257' to check Python code against some of the docstring style conventions in PEP 257
[5.943s] -- Added test 'uncrustify' to check C / C++ code style
[5.943s] -- Configured uncrustify additional arguments: 
[5.944s] -- Added test 'xmllint' to check XML markup files
[5.945s] -- Configuring done
[5.953s] -- Generating done
[5.955s] -- Build files have been written to: /home/bluemaple/try_rmul/build/decision
[5.960s] Invoked command in '/home/bluemaple/try_rmul/build/decision' returned '0': CMAKE_PREFIX_PATH=/opt/ros/humble /usr/bin/cmake /home/bluemaple/try_rmul/src/decision -DCMAKE_INSTALL_PREFIX=/home/bluemaple/try_rmul/install/decision
[5.962s] Invoking command in '/home/bluemaple/try_rmul/build/decision': CMAKE_PREFIX_PATH=/opt/ros/humble /usr/bin/cmake --build /home/bluemaple/try_rmul/build/decision -- -j24 -l24
[5.988s] [ 50%] [32mBuilding CXX object CMakeFiles/main.dir/src/main.cpp.o[0m
[13.808s] [100%] [32m[1mLinking CXX executable main[0m
[14.326s] [100%] Built target main
[14.333s] Invoked command in '/home/bluemaple/try_rmul/build/decision' returned '0': CMAKE_PREFIX_PATH=/opt/ros/humble /usr/bin/cmake --build /home/bluemaple/try_rmul/build/decision -- -j24 -l24
[14.338s] Invoking command in '/home/bluemaple/try_rmul/build/decision': CMAKE_PREFIX_PATH=/opt/ros/humble /usr/bin/cmake --install /home/bluemaple/try_rmul/build/decision
[14.342s] -- Install configuration: ""
[14.342s] -- Installing: /home/bluemaple/try_rmul/install/decision/lib/decision/main
[14.346s] -- Set runtime path of "/home/bluemaple/try_rmul/install/decision/lib/decision/main" to ""
[14.346s] -- Installing: /home/bluemaple/try_rmul/install/decision/share/decision/param
[14.346s] -- Installing: /home/bluemaple/try_rmul/install/decision/share/decision/param/settings_param.yaml
[14.346s] -- Installing: /home/bluemaple/try_rmul/install/decision/share/decision/param/decision_tree.xml
[14.346s] -- Installing: /home/bluemaple/try_rmul/install/decision/share/decision/launch
[14.346s] -- Installing: /home/bluemaple/try_rmul/install/decision/share/decision/launch/bringup.launch.py
[14.347s] -- Installing: /home/bluemaple/try_rmul/install/decision/share/ament_index/resource_index/package_run_dependencies/decision
[14.347s] -- Installing: /home/bluemaple/try_rmul/install/decision/share/ament_index/resource_index/parent_prefix_path/decision
[14.347s] -- Installing: /home/bluemaple/try_rmul/install/decision/share/decision/environment/ament_prefix_path.sh
[14.347s] -- Installing: /home/bluemaple/try_rmul/install/decision/share/decision/environment/ament_prefix_path.dsv
[14.347s] -- Installing: /home/bluemaple/try_rmul/install/decision/share/decision/environment/path.sh
[14.347s] -- Installing: /home/bluemaple/try_rmul/install/decision/share/decision/environment/path.dsv
[14.347s] -- Installing: /home/bluemaple/try_rmul/install/decision/share/decision/local_setup.bash
[14.347s] -- Installing: /home/bluemaple/try_rmul/install/decision/share/decision/local_setup.sh
[14.347s] -- Installing: /home/bluemaple/try_rmul/install/decision/share/decision/local_setup.zsh
[14.348s] -- Installing: /home/bluemaple/try_rmul/install/decision/share/decision/local_setup.dsv
[14.348s] -- Installing: /home/bluemaple/try_rmul/install/decision/share/decision/package.dsv
[14.348s] -- Installing: /home/bluemaple/try_rmul/install/decision/share/ament_index/resource_index/packages/decision
[14.348s] -- Installing: /home/bluemaple/try_rmul/install/decision/share/decision/cmake/decisionConfig.cmake
[14.348s] -- Installing: /home/bluemaple/try_rmul/install/decision/share/decision/cmake/decisionConfig-version.cmake
[14.348s] -- Installing: /home/bluemaple/try_rmul/install/decision/share/decision/package.xml
[14.350s] Invoked command in '/home/bluemaple/try_rmul/build/decision' returned '0': CMAKE_PREFIX_PATH=/opt/ros/humble /usr/bin/cmake --install /home/bluemaple/try_rmul/build/decision
