-- Found ament_cmake: 1.3.14 (/opt/ros/humble/share/ament_cmake/cmake)
-- Found rclcpp: 16.0.18 (/opt/ros/humble/share/rclcpp/cmake)
-- Found rosidl_generator_c: 3.1.8 (/opt/ros/humble/share/rosidl_generator_c/cmake)
-- Found rosidl_adapter: 3.1.8 (/opt/ros/humble/share/rosidl_adapter/cmake)
-- Found rosidl_generator_cpp: 3.1.8 (/opt/ros/humble/share/rosidl_generator_cpp/cmake)
-- Using all available rosidl_typesupport_c: rosidl_typesupport_fastrtps_c;rosidl_typesupport_introspection_c
-- Using all available rosidl_typesupport_cpp: rosidl_typesupport_fastrtps_cpp;rosidl_typesupport_introspection_cpp
-- Found rmw_implementation_cmake: 6.1.2 (/opt/ros/humble/share/rmw_implementation_cmake/cmake)
-- Found rmw_fastrtps_cpp: 6.2.10 (/opt/ros/humble/share/rmw_fastrtps_cpp/cmake)
-- Using RMW implementation 'rmw_fastrtps_cpp' as default
-- Found ament_lint_auto: 0.12.15 (/opt/ros/humble/share/ament_lint_auto/cmake)
-- Added test 'cppcheck' to perform static code analysis on C / C++ code
-- Configured cppcheck include dirs: /home/bluemaple/try_rmul/src/decision/include
-- Configured cppcheck exclude dirs and/or files: 
-- Added test 'flake8' to check Python code syntax and style conventions
-- Added test 'lint_cmake' to check CMake code style
-- Added test 'pep257' to check Python code against some of the docstring style conventions in PEP 257
-- Added test 'uncrustify' to check C / C++ code style
-- Configured uncrustify additional arguments: 
-- Added test 'xmllint' to check XML markup files
-- Configuring done
-- Generating done
-- Build files have been written to: /home/bluemaple/try_rmul/build/decision
[35m[1mConsolidate compiler generated dependencies of target main[0m
[ 33%] [32mBuilding CXX object CMakeFiles/main.dir/src/main.cpp.o[0m
[ 33%] [32mBuilding CXX object CMakeFiles/main.dir/plugins/conditions/gamestart.cpp.o[0m
[ 50%] [32mBuilding CXX object CMakeFiles/main.dir/plugins/actions/update_status.cpp.o[0m
[ 66%] [32mBuilding CXX object CMakeFiles/main.dir/plugins/actions/check_status.cpp.o[0m
[ 83%] [32mBuilding CXX object CMakeFiles/main.dir/plugins/actions/get_to_position.cpp.o[0m
[100%] [32m[1mLinking CXX executable main[0m
[100%] Built target main
-- Install configuration: ""
-- Installing: /home/bluemaple/try_rmul/install/decision/lib/decision/main
-- Set runtime path of "/home/bluemaple/try_rmul/install/decision/lib/decision/main" to ""
-- Up-to-date: /home/bluemaple/try_rmul/install/decision/share/decision/param
-- Up-to-date: /home/bluemaple/try_rmul/install/decision/share/decision/param/settings_param.yaml
-- Installing: /home/bluemaple/try_rmul/install/decision/share/decision/param/decision_tree.xml
-- Up-to-date: /home/bluemaple/try_rmul/install/decision/share/decision/launch
-- Up-to-date: /home/bluemaple/try_rmul/install/decision/share/decision/launch/bringup.launch.py
-- Up-to-date: /home/bluemaple/try_rmul/install/decision/share/ament_index/resource_index/package_run_dependencies/decision
-- Installing: /home/bluemaple/try_rmul/install/decision/share/ament_index/resource_index/parent_prefix_path/decision
-- Up-to-date: /home/bluemaple/try_rmul/install/decision/share/decision/environment/ament_prefix_path.sh
-- Installing: /home/bluemaple/try_rmul/install/decision/share/decision/environment/ament_prefix_path.dsv
-- Up-to-date: /home/bluemaple/try_rmul/install/decision/share/decision/environment/path.sh
-- Installing: /home/bluemaple/try_rmul/install/decision/share/decision/environment/path.dsv
-- Up-to-date: /home/bluemaple/try_rmul/install/decision/share/decision/local_setup.bash
-- Up-to-date: /home/bluemaple/try_rmul/install/decision/share/decision/local_setup.sh
-- Up-to-date: /home/bluemaple/try_rmul/install/decision/share/decision/local_setup.zsh
-- Installing: /home/bluemaple/try_rmul/install/decision/share/decision/local_setup.dsv
-- Installing: /home/bluemaple/try_rmul/install/decision/share/decision/package.dsv
-- Up-to-date: /home/bluemaple/try_rmul/install/decision/share/ament_index/resource_index/packages/decision
-- Up-to-date: /home/bluemaple/try_rmul/install/decision/share/decision/cmake/decisionConfig.cmake
-- Up-to-date: /home/bluemaple/try_rmul/install/decision/share/decision/cmake/decisionConfig-version.cmake
-- Up-to-date: /home/bluemaple/try_rmul/install/decision/share/decision/package.xml
