[ 33%] [32mBuilding CXX object CMakeFiles/main.dir/src/main.cpp.o[0m
[ 66%] [32mBuilding CXX object CMakeFiles/main.dir/plugins/Condition/GameStart.cpp.o[0m
[01m[K/home/bluemaple/learn_projects/try_ul/src/ul_decision/plugins/Condition/GameStart.cpp:19:26:[m[K [01;35m[Kwarning: [m[K‘[01m[KBT::PortsList ul_decision::providedPorts()[m[K’ defined but not used [[01;35m[K]8;;https://gcc.gnu.org/onlinedocs/gcc/Warning-Options.html#index-Wunused-function-Wunused-function]8;;[m[K]
   19 |     static BT::PortsList [01;35m[KprovidedPorts[m[K()
      |                          [01;35m[K^~~~~~~~~~~~~[m[K
[100%] [1m[32mLinking CXX executable main[0m
[100%] Built target main
-- Install configuration: ""
-- Installing: /home/bluemaple/learn_projects/try_ul/install/ul_decision/lib/ul_decision/main
-- Set non-toolchain portion of runtime path of "/home/bluemaple/learn_projects/try_ul/install/ul_decision/lib/ul_decision/main" to ""
-- Up-to-date: /home/bluemaple/learn_projects/try_ul/install/ul_decision/share/ul_decision/param
-- Installing: /home/bluemaple/learn_projects/try_ul/install/ul_decision/share/ul_decision/param/decision_tree.xml
-- Up-to-date: /home/bluemaple/learn_projects/try_ul/install/ul_decision/share/ament_index/resource_index/package_run_dependencies/ul_decision
-- Up-to-date: /home/bluemaple/learn_projects/try_ul/install/ul_decision/share/ament_index/resource_index/parent_prefix_path/ul_decision
-- Up-to-date: /home/bluemaple/learn_projects/try_ul/install/ul_decision/share/ul_decision/environment/ament_prefix_path.sh
-- Up-to-date: /home/bluemaple/learn_projects/try_ul/install/ul_decision/share/ul_decision/environment/ament_prefix_path.dsv
-- Up-to-date: /home/bluemaple/learn_projects/try_ul/install/ul_decision/share/ul_decision/environment/path.sh
-- Up-to-date: /home/bluemaple/learn_projects/try_ul/install/ul_decision/share/ul_decision/environment/path.dsv
-- Up-to-date: /home/bluemaple/learn_projects/try_ul/install/ul_decision/share/ul_decision/local_setup.bash
-- Up-to-date: /home/bluemaple/learn_projects/try_ul/install/ul_decision/share/ul_decision/local_setup.sh
-- Up-to-date: /home/bluemaple/learn_projects/try_ul/install/ul_decision/share/ul_decision/local_setup.zsh
-- Up-to-date: /home/bluemaple/learn_projects/try_ul/install/ul_decision/share/ul_decision/local_setup.dsv
-- Installing: /home/bluemaple/learn_projects/try_ul/install/ul_decision/share/ul_decision/package.dsv
-- Up-to-date: /home/bluemaple/learn_projects/try_ul/install/ul_decision/share/ament_index/resource_index/packages/ul_decision
-- Up-to-date: /home/bluemaple/learn_projects/try_ul/install/ul_decision/share/ul_decision/cmake/ul_decisionConfig.cmake
-- Up-to-date: /home/bluemaple/learn_projects/try_ul/install/ul_decision/share/ul_decision/cmake/ul_decisionConfig-version.cmake
-- Up-to-date: /home/bluemaple/learn_projects/try_ul/install/ul_decision/share/ul_decision/package.xml
