[35m[1mConsolidate compiler generated dependencies of target main[0m
[100%] Built target main
-- Install configuration: ""
-- Up-to-date: /home/bluemaple/try_rmul/install/decision/lib/decision/main
-- Up-to-date: /home/bluemaple/try_rmul/install/decision/share/decision/param
-- Up-to-date: /home/bluemaple/try_rmul/install/decision/share/decision/param/settings_param.yaml
-- Installing: /home/bluemaple/try_rmul/install/decision/share/decision/param/decision_tree.xml
-- Up-to-date: /home/bluemaple/try_rmul/install/decision/share/decision/launch
-- Up-to-date: /home/bluemaple/try_rmul/install/decision/share/decision/launch/bringup.launch.py
-- Up-to-date: /home/bluemaple/try_rmul/install/decision/share/ament_index/resource_index/package_run_dependencies/decision
-- Up-to-date: /home/bluemaple/try_rmul/install/decision/share/ament_index/resource_index/parent_prefix_path/decision
-- Up-to-date: /home/bluemaple/try_rmul/install/decision/share/decision/environment/ament_prefix_path.sh
-- Up-to-date: /home/bluemaple/try_rmul/install/decision/share/decision/environment/ament_prefix_path.dsv
-- Up-to-date: /home/bluemaple/try_rmul/install/decision/share/decision/environment/path.sh
-- Up-to-date: /home/bluemaple/try_rmul/install/decision/share/decision/environment/path.dsv
-- Up-to-date: /home/bluemaple/try_rmul/install/decision/share/decision/local_setup.bash
-- Up-to-date: /home/bluemaple/try_rmul/install/decision/share/decision/local_setup.sh
-- Up-to-date: /home/bluemaple/try_rmul/install/decision/share/decision/local_setup.zsh
-- Up-to-date: /home/bluemaple/try_rmul/install/decision/share/decision/local_setup.dsv
-- Installing: /home/bluemaple/try_rmul/install/decision/share/decision/package.dsv
-- Up-to-date: /home/bluemaple/try_rmul/install/decision/share/ament_index/resource_index/packages/decision
-- Up-to-date: /home/bluemaple/try_rmul/install/decision/share/decision/cmake/decisionConfig.cmake
-- Up-to-date: /home/bluemaple/try_rmul/install/decision/share/decision/cmake/decisionConfig-version.cmake
-- Up-to-date: /home/bluemaple/try_rmul/install/decision/share/decision/package.xml
