[0.009s] Invoking command in '/home/bluemaple/try_rmul/build/decision': CMAKE_PREFIX_PATH=${CMAKE_PREFIX_PATH}:/opt/ros/humble /usr/bin/cmake --build /home/bluemaple/try_rmul/build/decision -- -j24 -l24
[0.061s] [35m[1mConsolidate compiler generated dependencies of target main[0m
[0.070s] [100%] Built target main
[0.077s] Invoked command in '/home/bluemaple/try_rmul/build/decision' returned '0': CMAKE_PREFIX_PATH=${CMAKE_PREFIX_PATH}:/opt/ros/humble /usr/bin/cmake --build /home/bluemaple/try_rmul/build/decision -- -j24 -l24
[0.083s] Invoking command in '/home/bluemaple/try_rmul/build/decision': CMAKE_PREFIX_PATH=${CMAKE_PREFIX_PATH}:/opt/ros/humble /usr/bin/cmake --install /home/bluemaple/try_rmul/build/decision
[0.087s] -- Install configuration: ""
[0.089s] -- Up-to-date: /home/bluemaple/try_rmul/install/decision/lib/decision/main
[0.089s] -- Up-to-date: /home/bluemaple/try_rmul/install/decision/share/decision/param
[0.089s] -- Up-to-date: /home/bluemaple/try_rmul/install/decision/share/decision/param/settings_param.yaml
[0.089s] -- Installing: /home/bluemaple/try_rmul/install/decision/share/decision/param/decision_tree.xml
[0.089s] -- Up-to-date: /home/bluemaple/try_rmul/install/decision/share/decision/launch
[0.089s] -- Up-to-date: /home/bluemaple/try_rmul/install/decision/share/decision/launch/bringup.launch.py
[0.089s] -- Up-to-date: /home/bluemaple/try_rmul/install/decision/share/ament_index/resource_index/package_run_dependencies/decision
[0.089s] -- Up-to-date: /home/bluemaple/try_rmul/install/decision/share/ament_index/resource_index/parent_prefix_path/decision
[0.090s] -- Up-to-date: /home/bluemaple/try_rmul/install/decision/share/decision/environment/ament_prefix_path.sh
[0.090s] -- Up-to-date: /home/bluemaple/try_rmul/install/decision/share/decision/environment/ament_prefix_path.dsv
[0.090s] -- Up-to-date: /home/bluemaple/try_rmul/install/decision/share/decision/environment/path.sh
[0.090s] -- Up-to-date: /home/bluemaple/try_rmul/install/decision/share/decision/environment/path.dsv
[0.090s] -- Up-to-date: /home/bluemaple/try_rmul/install/decision/share/decision/local_setup.bash
[0.090s] -- Up-to-date: /home/bluemaple/try_rmul/install/decision/share/decision/local_setup.sh
[0.090s] -- Up-to-date: /home/bluemaple/try_rmul/install/decision/share/decision/local_setup.zsh
[0.090s] -- Up-to-date: /home/bluemaple/try_rmul/install/decision/share/decision/local_setup.dsv
[0.090s] -- Installing: /home/bluemaple/try_rmul/install/decision/share/decision/package.dsv
[0.090s] -- Up-to-date: /home/bluemaple/try_rmul/install/decision/share/ament_index/resource_index/packages/decision
[0.090s] -- Up-to-date: /home/bluemaple/try_rmul/install/decision/share/decision/cmake/decisionConfig.cmake
[0.090s] -- Up-to-date: /home/bluemaple/try_rmul/install/decision/share/decision/cmake/decisionConfig-version.cmake
[0.090s] -- Up-to-date: /home/bluemaple/try_rmul/install/decision/share/decision/package.xml
[0.092s] Invoked command in '/home/bluemaple/try_rmul/build/decision' returned '0': CMAKE_PREFIX_PATH=${CMAKE_PREFIX_PATH}:/opt/ros/humble /usr/bin/cmake --install /home/bluemaple/try_rmul/build/decision
