[0.005s] Invoking command in '/home/bluemaple/try_rmul/build/decision': CMAKE_PREFIX_PATH=/opt/ros/humble /usr/bin/cmake /home/bluemaple/try_rmul/src/decision -DCMAKE_INSTALL_PREFIX=/home/bluemaple/try_rmul/install/decision
[0.139s] -- The C compiler identification is GNU 11.4.0
[0.633s] -- The CXX compiler identification is GNU 11.4.0
[0.951s] -- Detecting C compiler ABI info
[1.080s] -- Detecting C compiler ABI info - done
[1.082s] -- Check for working C compiler: /usr/bin/cc - skipped
[1.083s] -- Detecting C compile features
[1.083s] -- Detecting C compile features - done
[1.084s] -- Detecting CXX compiler ABI info
[1.198s] -- Detecting CXX compiler ABI info - done
[1.201s] -- Check for working CXX compiler: /usr/bin/c++ - skipped
[1.201s] -- Detecting CXX compile features
[1.201s] -- Detecting CXX compile features - done
[1.202s] -- Found ament_cmake: 1.3.14 (/opt/ros/humble/share/ament_cmake/cmake)
[1.272s] -- Found Python3: /usr/bin/python3 (found version "3.10.12") found components: Interpreter 
[1.312s] -- Found rclcpp: 16.0.18 (/opt/ros/humble/share/rclcpp/cmake)
[1.460s] -- Found rosidl_generator_c: 3.1.8 (/opt/ros/humble/share/rosidl_generator_c/cmake)
[1.461s] -- Found rosidl_adapter: 3.1.8 (/opt/ros/humble/share/rosidl_adapter/cmake)
[1.464s] -- Found rosidl_generator_cpp: 3.1.8 (/opt/ros/humble/share/rosidl_generator_cpp/cmake)
[1.469s] -- Using all available rosidl_typesupport_c: rosidl_typesupport_fastrtps_c;rosidl_typesupport_introspection_c
[1.476s] -- Using all available rosidl_typesupport_cpp: rosidl_typesupport_fastrtps_cpp;rosidl_typesupport_introspection_cpp
[1.493s] -- Found rmw_implementation_cmake: 6.1.2 (/opt/ros/humble/share/rmw_implementation_cmake/cmake)
[1.493s] -- Found rmw_fastrtps_cpp: 6.2.10 (/opt/ros/humble/share/rmw_fastrtps_cpp/cmake)
[2.634s] -- Found OpenSSL: /usr/lib/x86_64-linux-gnu/libcrypto.so (found version "3.0.2")  
[3.995s] -- Found FastRTPS: /opt/ros/humble/include  
[6.696s] -- Using RMW implementation 'rmw_fastrtps_cpp' as default
[6.699s] -- Looking for pthread.h
[6.843s] -- Looking for pthread.h - found
[6.844s] -- Performing Test CMAKE_HAVE_LIBC_PTHREAD
[6.993s] -- Performing Test CMAKE_HAVE_LIBC_PTHREAD - Success
[6.993s] -- Found Threads: TRUE  
[8.354s] [31mCMake Error at CMakeLists.txt:11 (find_package):
[8.355s]   By not providing "Findbehaviortree_cpp_v3.cmake" in CMAKE_MODULE_PATH this
[8.355s]   project has asked CMake to find a package configuration file provided by
[8.355s]   "behaviortree_cpp_v3", but CMake did not find one.
[8.355s] 
[8.355s]   Could not find a package configuration file provided by
[8.355s]   "behaviortree_cpp_v3" with any of the following names:
[8.355s] 
[8.355s]     behaviortree_cpp_v3Config.cmake
[8.355s]     behaviortree_cpp_v3-config.cmake
[8.355s] 
[8.355s]   Add the installation prefix of "behaviortree_cpp_v3" to CMAKE_PREFIX_PATH
[8.355s]   or set "behaviortree_cpp_v3_DIR" to a directory containing one of the above
[8.355s]   files.  If "behaviortree_cpp_v3" provides a separate development package or
[8.355s]   SDK, be sure it has been installed.
[8.355s] 
[8.355s] [0m
[8.355s] -- Configuring incomplete, errors occurred!
[8.355s] See also "/home/bluemaple/try_rmul/build/decision/CMakeFiles/CMakeOutput.log".
[8.360s] Invoked command in '/home/bluemaple/try_rmul/build/decision' returned '1': CMAKE_PREFIX_PATH=/opt/ros/humble /usr/bin/cmake /home/bluemaple/try_rmul/src/decision -DCMAKE_INSTALL_PREFIX=/home/bluemaple/try_rmul/install/decision
